{
  "/home/mke/Documents/lambda-restful/src/decorators/body.decorator.ts": {
    "path": "/home/mke/Documents/lambda-restful/src/decorators/body.decorator.ts",
    "statementMap": { "0": { "start": { "line": 1, "column": 0 }, "end": { "line": 1, "column": 25 } }, "1": { "start": { "line": 10, "column": 2 }, "end": { "line": 12, "column": null } }, "2": { "start": { "line": 11, "column": 4 }, "end": { "line": 11, "column": null } }, "3": { "start": { "line": 9, "column": 0 }, "end": { "line": 9, "column": 16 } } },
    "fnMap": { "0": { "name": "Body", "decl": { "start": { "line": 9, "column": 16 }, "end": { "line": 9, "column": 20 } }, "loc": { "start": { "line": 9, "column": 54 }, "end": { "line": 13, "column": 1 } } }, "1": { "name": "(anonymous_1)", "decl": { "start": { "line": 10, "column": 9 }, "end": { "line": 10, "column": 19 } }, "loc": { "start": { "line": 10, "column": 75 }, "end": { "line": 12, "column": 3 } } } },
    "branchMap": {},
    "s": { "0": 1, "1": 1, "2": 1, "3": 1 },
    "f": { "0": 1, "1": 1 },
    "b": {}
  },
  "/home/mke/Documents/lambda-restful/src/decorators/event.decorator.ts": { "path": "/home/mke/Documents/lambda-restful/src/decorators/event.decorator.ts", "statementMap": { "0": { "start": { "line": 1, "column": 0 }, "end": { "line": 1, "column": 25 } }, "1": { "start": { "line": 5, "column": 2 }, "end": { "line": 5, "column": null } }, "2": { "start": { "line": 4, "column": 0 }, "end": { "line": 4, "column": 16 } } }, "fnMap": { "0": { "name": "Event", "decl": { "start": { "line": 4, "column": 16 }, "end": { "line": 4, "column": 21 } }, "loc": { "start": { "line": 4, "column": 87 }, "end": { "line": 6, "column": 1 } } } }, "branchMap": {}, "s": { "0": 1, "1": 1, "2": 1 }, "f": { "0": 1 }, "b": {} },
  "/home/mke/Documents/lambda-restful/src/decorators/inject.decorator.ts": { "path": "/home/mke/Documents/lambda-restful/src/decorators/inject.decorator.ts", "statementMap": { "0": { "start": { "line": 1, "column": 0 }, "end": { "line": 1, "column": 33 } }, "1": { "start": { "line": 4, "column": 2 }, "end": { "line": 4, "column": null } }, "2": { "start": { "line": 3, "column": 0 }, "end": { "line": 3, "column": 16 } } }, "fnMap": { "0": { "name": "Inject", "decl": { "start": { "line": 3, "column": 16 }, "end": { "line": 3, "column": 22 } }, "loc": { "start": { "line": 3, "column": 34 }, "end": { "line": 5, "column": 1 } } } }, "branchMap": {}, "s": { "0": 1, "1": 1, "2": 1 }, "f": { "0": 1 }, "b": {} },
  "/home/mke/Documents/lambda-restful/src/decorators/lambda.decorator.ts": { "path": "/home/mke/Documents/lambda-restful/src/decorators/lambda.decorator.ts", "statementMap": { "0": { "start": { "line": 1, "column": 0 }, "end": { "line": 1, "column": 25 } }, "1": { "start": { "line": 2, "column": 0 }, "end": { "line": 2, "column": 37 } }, "2": { "start": { "line": 5, "column": 2 }, "end": { "line": 5, "column": null } }, "3": { "start": { "line": 4, "column": 0 }, "end": { "line": 4, "column": 16 } } }, "fnMap": { "0": { "name": "Lambda", "decl": { "start": { "line": 4, "column": 16 }, "end": { "line": 4, "column": 22 } }, "loc": { "start": { "line": 4, "column": 34 }, "end": { "line": 6, "column": 1 } } } }, "branchMap": {}, "s": { "0": 1, "1": 1, "2": 1, "3": 1 }, "f": { "0": 1 }, "b": {} }
}
