{
  "/home/mikedev/lambda-restful/src/decorators/body.decorator.ts": {
    "path": "/home/mikedev/lambda-restful/src/decorators/body.decorator.ts",
    "statementMap": { "0": { "start": { "line": 1, "column": 0 }, "end": { "line": 1, "column": 25 } }, "1": { "start": { "line": 9, "column": 2 }, "end": { "line": 11, "column": null } }, "2": { "start": { "line": 10, "column": 4 }, "end": { "line": 10, "column": null } }, "3": { "start": { "line": 8, "column": 0 }, "end": { "line": 8, "column": 16 } } },
    "fnMap": { "0": { "name": "Body", "decl": { "start": { "line": 8, "column": 16 }, "end": { "line": 8, "column": 20 } }, "loc": { "start": { "line": 8, "column": 53 }, "end": { "line": 12, "column": 1 } } }, "1": { "name": "(anonymous_1)", "decl": { "start": { "line": 9, "column": 9 }, "end": { "line": 9, "column": 19 } }, "loc": { "start": { "line": 9, "column": 75 }, "end": { "line": 11, "column": 3 } } } },
    "branchMap": {},
    "s": { "0": 2, "1": 1, "2": 1, "3": 2 },
    "f": { "0": 1, "1": 1 },
    "b": {}
  },
  "/home/mikedev/lambda-restful/src/decorators/event.decorator.ts": { "path": "/home/mikedev/lambda-restful/src/decorators/event.decorator.ts", "statementMap": { "0": { "start": { "line": 1, "column": 0 }, "end": { "line": 1, "column": 25 } }, "1": { "start": { "line": 4, "column": 2 }, "end": { "line": 4, "column": null } }, "2": { "start": { "line": 3, "column": 0 }, "end": { "line": 3, "column": 16 } } }, "fnMap": { "0": { "name": "Event", "decl": { "start": { "line": 3, "column": 16 }, "end": { "line": 3, "column": 21 } }, "loc": { "start": { "line": 3, "column": 87 }, "end": { "line": 5, "column": 1 } } } }, "branchMap": {}, "s": { "0": 2, "1": 1, "2": 2 }, "f": { "0": 1 }, "b": {} },
  "/home/mikedev/lambda-restful/src/decorators/index.ts": {
    "path": "/home/mikedev/lambda-restful/src/decorators/index.ts",
    "statementMap": {
      "0": { "start": { "line": 1, "column": 0 }, "end": { "line": 1, "column": 9 } },
      "1": { "start": { "line": 1, "column": 9 }, "end": { "line": 1, "column": 39 } },
      "2": { "start": { "line": 2, "column": 0 }, "end": { "line": 2, "column": 9 } },
      "3": { "start": { "line": 2, "column": 9 }, "end": { "line": 2, "column": 41 } },
      "4": { "start": { "line": 3, "column": 0 }, "end": { "line": 3, "column": 9 } },
      "5": { "start": { "line": 3, "column": 9 }, "end": { "line": 3, "column": 43 } },
      "6": { "start": { "line": 4, "column": 0 }, "end": { "line": 4, "column": 9 } },
      "7": { "start": { "line": 4, "column": 9 }, "end": { "line": 4, "column": 43 } },
      "8": { "start": { "line": 5, "column": 0 }, "end": { "line": 5, "column": 9 } },
      "9": { "start": { "line": 5, "column": 9 }, "end": { "line": 5, "column": 41 } },
      "10": { "start": { "line": 6, "column": 0 }, "end": { "line": 6, "column": 9 } },
      "11": { "start": { "line": 6, "column": 9 }, "end": { "line": 6, "column": 45 } },
      "12": { "start": { "line": 7, "column": 0 }, "end": { "line": 7, "column": 9 } },
      "13": { "start": { "line": 7, "column": 9 }, "end": { "line": 7, "column": 41 } }
    },
    "fnMap": {
      "0": { "name": "(anonymous_0)", "decl": { "start": { "line": 1, "column": 9 }, "end": { "line": 1, "column": 13 } }, "loc": { "start": { "line": 1, "column": 9 }, "end": { "line": 1, "column": 39 } } },
      "1": { "name": "(anonymous_1)", "decl": { "start": { "line": 2, "column": 9 }, "end": { "line": 2, "column": 14 } }, "loc": { "start": { "line": 2, "column": 9 }, "end": { "line": 2, "column": 41 } } },
      "2": { "name": "(anonymous_2)", "decl": { "start": { "line": 3, "column": 9 }, "end": { "line": 3, "column": 15 } }, "loc": { "start": { "line": 3, "column": 9 }, "end": { "line": 3, "column": 43 } } },
      "3": { "name": "(anonymous_3)", "decl": { "start": { "line": 4, "column": 9 }, "end": { "line": 4, "column": 15 } }, "loc": { "start": { "line": 4, "column": 9 }, "end": { "line": 4, "column": 43 } } },
      "4": { "name": "(anonymous_4)", "decl": { "start": { "line": 5, "column": 9 }, "end": { "line": 5, "column": 14 } }, "loc": { "start": { "line": 5, "column": 9 }, "end": { "line": 5, "column": 41 } } },
      "5": { "name": "(anonymous_5)", "decl": { "start": { "line": 6, "column": 9 }, "end": { "line": 6, "column": 16 } }, "loc": { "start": { "line": 6, "column": 9 }, "end": { "line": 6, "column": 45 } } },
      "6": { "name": "(anonymous_6)", "decl": { "start": { "line": 7, "column": 9 }, "end": { "line": 7, "column": 14 } }, "loc": { "start": { "line": 7, "column": 9 }, "end": { "line": 7, "column": 41 } } }
    },
    "branchMap": {},
    "s": { "0": 1, "1": 1, "2": 1, "3": 1, "4": 1, "5": 1, "6": 1, "7": 1, "8": 1, "9": 1, "10": 1, "11": 2, "12": 1, "13": 1 },
    "f": { "0": 0, "1": 0, "2": 0, "3": 0, "4": 0, "5": 1, "6": 0 },
    "b": {}
  },
  "/home/mikedev/lambda-restful/src/decorators/inject.decorator.ts": { "path": "/home/mikedev/lambda-restful/src/decorators/inject.decorator.ts", "statementMap": { "0": { "start": { "line": 1, "column": 0 }, "end": { "line": 1, "column": 33 } }, "1": { "start": { "line": 4, "column": 2 }, "end": { "line": 4, "column": null } }, "2": { "start": { "line": 3, "column": 0 }, "end": { "line": 3, "column": 16 } } }, "fnMap": { "0": { "name": "Inject", "decl": { "start": { "line": 3, "column": 16 }, "end": { "line": 3, "column": 22 } }, "loc": { "start": { "line": 3, "column": 34 }, "end": { "line": 5, "column": 1 } } } }, "branchMap": {}, "s": { "0": 2, "1": 1, "2": 2 }, "f": { "0": 1 }, "b": {} },
  "/home/mikedev/lambda-restful/src/decorators/lambda.decorator.ts": { "path": "/home/mikedev/lambda-restful/src/decorators/lambda.decorator.ts", "statementMap": { "0": { "start": { "line": 1, "column": 0 }, "end": { "line": 1, "column": 25 } }, "1": { "start": { "line": 2, "column": 0 }, "end": { "line": 2, "column": 37 } }, "2": { "start": { "line": 5, "column": 2 }, "end": { "line": 5, "column": null } }, "3": { "start": { "line": 4, "column": 0 }, "end": { "line": 4, "column": 16 } } }, "fnMap": { "0": { "name": "Lambda", "decl": { "start": { "line": 4, "column": 16 }, "end": { "line": 4, "column": 22 } }, "loc": { "start": { "line": 4, "column": 34 }, "end": { "line": 6, "column": 1 } } } }, "branchMap": {}, "s": { "0": 2, "1": 2, "2": 1, "3": 2 }, "f": { "0": 1 }, "b": {} },
  "/home/mikedev/lambda-restful/src/decorators/param.decorator.ts": {
    "path": "/home/mikedev/lambda-restful/src/decorators/param.decorator.ts",
    "statementMap": { "0": { "start": { "line": 1, "column": 0 }, "end": { "line": 1, "column": 25 } }, "1": { "start": { "line": 5, "column": 2 }, "end": { "line": 12, "column": null } }, "2": { "start": { "line": 6, "column": 4 }, "end": { "line": 8, "column": 5 } }, "3": { "start": { "line": 7, "column": 6 }, "end": { "line": 7, "column": null } }, "4": { "start": { "line": 9, "column": 27 }, "end": { "line": 9, "column": 83 } }, "5": { "start": { "line": 10, "column": 4 }, "end": { "line": 10, "column": null } }, "6": { "start": { "line": 11, "column": 4 }, "end": { "line": 11, "column": null } }, "7": { "start": { "line": 4, "column": 0 }, "end": { "line": 4, "column": 16 } } },
    "fnMap": { "0": { "name": "Param", "decl": { "start": { "line": 4, "column": 16 }, "end": { "line": 4, "column": 21 } }, "loc": { "start": { "line": 4, "column": 39 }, "end": { "line": 13, "column": 1 } } }, "1": { "name": "(anonymous_1)", "decl": { "start": { "line": 5, "column": 9 }, "end": { "line": 5, "column": 10 } }, "loc": { "start": { "line": 5, "column": 49 }, "end": { "line": 12, "column": 3 } } } },
    "branchMap": {
      "0": { "loc": { "start": { "line": 6, "column": 4 }, "end": { "line": 8, "column": 5 } }, "type": "if", "locations": [{ "start": { "line": 6, "column": 4 }, "end": { "line": 8, "column": 5 } }] },
      "1": {
        "loc": { "start": { "line": 9, "column": 27 }, "end": { "line": 9, "column": 83 } },
        "type": "binary-expr",
        "locations": [
          { "start": { "line": 9, "column": 27 }, "end": { "line": 9, "column": 77 } },
          { "start": { "line": 9, "column": 81 }, "end": { "line": 9, "column": 83 } }
        ]
      }
    },
    "s": { "0": 2, "1": 1, "2": 1, "3": 0, "4": 1, "5": 1, "6": 1, "7": 2 },
    "f": { "0": 1, "1": 1 },
    "b": { "0": [0], "1": [1, 1] }
  },
  "/home/mikedev/lambda-restful/src/decorators/query.decorator.ts": {
    "path": "/home/mikedev/lambda-restful/src/decorators/query.decorator.ts",
    "statementMap": { "0": { "start": { "line": 1, "column": 0 }, "end": { "line": 1, "column": 25 } }, "1": { "start": { "line": 4, "column": 2 }, "end": { "line": 6, "column": null } }, "2": { "start": { "line": 5, "column": 4 }, "end": { "line": 5, "column": null } }, "3": { "start": { "line": 3, "column": 0 }, "end": { "line": 3, "column": 16 } } },
    "fnMap": { "0": { "name": "Query", "decl": { "start": { "line": 3, "column": 16 }, "end": { "line": 3, "column": 21 } }, "loc": { "start": { "line": 3, "column": 21 }, "end": { "line": 7, "column": 1 } } }, "1": { "name": "(anonymous_1)", "decl": { "start": { "line": 4, "column": 9 }, "end": { "line": 4, "column": 19 } }, "loc": { "start": { "line": 4, "column": 75 }, "end": { "line": 6, "column": 3 } } } },
    "branchMap": {},
    "s": { "0": 2, "1": 1, "2": 1, "3": 2 },
    "f": { "0": 1, "1": 1 },
    "b": {}
  },
  "/home/mikedev/lambda-restful/src/decorators/service.decorator.ts": { "path": "/home/mikedev/lambda-restful/src/decorators/service.decorator.ts", "statementMap": { "0": { "start": { "line": 1, "column": 0 }, "end": { "line": 1, "column": 25 } }, "1": { "start": { "line": 2, "column": 0 }, "end": { "line": 2, "column": 37 } }, "2": { "start": { "line": 5, "column": 2 }, "end": { "line": 5, "column": null } }, "3": { "start": { "line": 4, "column": 0 }, "end": { "line": 4, "column": 16 } } }, "fnMap": { "0": { "name": "Service", "decl": { "start": { "line": 4, "column": 16 }, "end": { "line": 4, "column": 23 } }, "loc": { "start": { "line": 4, "column": 35 }, "end": { "line": 6, "column": 1 } } } }, "branchMap": {}, "s": { "0": 2, "1": 2, "2": 2, "3": 2 }, "f": { "0": 2 }, "b": {} },
  "/home/mikedev/lambda-restful/src/errors/generic.error.ts": {
    "path": "/home/mikedev/lambda-restful/src/errors/generic.error.ts",
    "statementMap": { "0": { "start": { "line": 1, "column": 0 }, "end": { "line": 1, "column": 52 } }, "1": { "start": { "line": 6, "column": 4 }, "end": { "line": 6, "column": null } }, "2": { "start": { "line": 7, "column": 4 }, "end": { "line": 7, "column": null } }, "3": { "start": { "line": 8, "column": 4 }, "end": { "line": 8, "column": null } }, "4": { "start": { "line": 12, "column": 4 }, "end": { "line": 12, "column": null } }, "5": { "start": { "line": 3, "column": 0 }, "end": { "line": 3, "column": 21 } } },
    "fnMap": { "0": { "name": "(anonymous_0)", "decl": { "start": { "line": 5, "column": 2 }, "end": { "line": 5, "column": 14 } }, "loc": { "start": { "line": 5, "column": 29 }, "end": { "line": 9, "column": 3 } } }, "1": { "name": "(anonymous_1)", "decl": { "start": { "line": 11, "column": 9 }, "end": { "line": 11, "column": 19 } }, "loc": { "start": { "line": 11, "column": 19 }, "end": { "line": 13, "column": 3 } } } },
    "branchMap": {},
    "s": { "0": 1, "1": 1, "2": 1, "3": 1, "4": 0, "5": 1 },
    "f": { "0": 1, "1": 0 },
    "b": {}
  },
  "/home/mikedev/lambda-restful/src/errors/validation.error.ts": {
    "path": "/home/mikedev/lambda-restful/src/errors/validation.error.ts",
    "statementMap": { "0": { "start": { "line": 1, "column": 0 }, "end": { "line": 1, "column": 42 } }, "1": { "start": { "line": 2, "column": 0 }, "end": { "line": 2, "column": 52 } }, "2": { "start": { "line": 16, "column": 4 }, "end": { "line": 16, "column": null } }, "3": { "start": { "line": 17, "column": 4 }, "end": { "line": 17, "column": null } }, "4": { "start": { "line": 18, "column": 4 }, "end": { "line": 18, "column": null } }, "5": { "start": { "line": 19, "column": 4 }, "end": { "line": 19, "column": null } }, "6": { "start": { "line": 23, "column": 4 }, "end": { "line": 26, "column": null } }, "7": { "start": { "line": 11, "column": 0 }, "end": { "line": 11, "column": 21 } } },
    "fnMap": { "0": { "name": "(anonymous_1)", "decl": { "start": { "line": 15, "column": 2 }, "end": { "line": 15, "column": 14 } }, "loc": { "start": { "line": 15, "column": 47 }, "end": { "line": 20, "column": 3 } } }, "1": { "name": "(anonymous_2)", "decl": { "start": { "line": 22, "column": 9 }, "end": { "line": 22, "column": 19 } }, "loc": { "start": { "line": 22, "column": 19 }, "end": { "line": 27, "column": 3 } } } },
    "branchMap": {},
    "s": { "0": 1, "1": 1, "2": 1, "3": 1, "4": 1, "5": 1, "6": 0, "7": 1 },
    "f": { "0": 1, "1": 0 },
    "b": {}
  },
  "/home/mikedev/lambda-restful/src/factories/lambda.factory.ts": {
    "path": "/home/mikedev/lambda-restful/src/factories/lambda.factory.ts",
    "statementMap": {
      "0": { "start": { "line": 1, "column": 0 }, "end": { "line": 1, "column": 57 } },
      "1": { "start": { "line": 4, "column": 0 }, "end": { "line": 4, "column": 46 } },
      "2": { "start": { "line": 6, "column": 0 }, "end": { "line": 6, "column": 56 } },
      "3": { "start": { "line": 7, "column": 0 }, "end": { "line": 7, "column": 50 } },
      "4": { "start": { "line": 17, "column": 4 }, "end": { "line": 17, "column": null } },
      "5": { "start": { "line": 18, "column": 4 }, "end": { "line": 20, "column": 7 } },
      "6": { "start": { "line": 19, "column": 6 }, "end": { "line": 19, "column": 62 } },
      "7": { "start": { "line": 24, "column": 4 }, "end": { "line": 28, "column": null } },
      "8": { "start": { "line": 26, "column": 8 }, "end": { "line": 26, "column": null } },
      "9": { "start": { "line": 32, "column": 4 }, "end": { "line": 34, "column": 5 } },
      "10": { "start": { "line": 33, "column": 6 }, "end": { "line": 33, "column": null } },
      "11": { "start": { "line": 35, "column": 17 }, "end": { "line": 35, "column": 39 } },
      "12": { "start": { "line": 36, "column": 21 }, "end": { "line": 36, "column": 43 } },
      "13": { "start": { "line": 37, "column": 25 }, "end": { "line": 37, "column": 39 } },
      "14": { "start": { "line": 38, "column": 4 }, "end": { "line": 38, "column": null } },
      "15": { "start": { "line": 39, "column": 19 }, "end": { "line": 39, "column": 45 } },
      "16": { "start": { "line": 40, "column": 4 }, "end": { "line": 44, "column": 5 } },
      "17": { "start": { "line": 41, "column": 6 }, "end": { "line": 41, "column": null } },
      "18": { "start": { "line": 43, "column": 6 }, "end": { "line": 43, "column": null } },
      "19": { "start": { "line": 48, "column": 28 }, "end": { "line": 48, "column": 59 } },
      "20": { "start": { "line": 50, "column": 4 }, "end": { "line": 90, "column": null } },
      "21": { "start": { "line": 50, "column": 99 }, "end": { "line": 90, "column": null } },
      "22": { "start": { "line": 51, "column": 6 }, "end": { "line": 89, "column": 7 } },
      "23": { "start": { "line": 52, "column": 23 }, "end": { "line": 52, "column": 43 } },
      "24": { "start": { "line": 53, "column": 27 }, "end": { "line": 53, "column": 87 } },
      "25": { "start": { "line": 54, "column": 25 }, "end": { "line": 54, "column": 77 } },
      "26": { "start": { "line": 55, "column": 26 }, "end": { "line": 55, "column": 79 } },
      "27": { "start": { "line": 56, "column": 26 }, "end": { "line": 56, "column": 79 } },
      "28": { "start": { "line": 58, "column": 28 }, "end": { "line": 58, "column": 30 } },
      "29": { "start": { "line": 61, "column": 8 }, "end": { "line": 63, "column": 9 } },
      "30": { "start": { "line": 62, "column": 10 }, "end": { "line": 62, "column": null } },
      "31": { "start": { "line": 66, "column": 8 }, "end": { "line": 68, "column": 9 } },
      "32": { "start": { "line": 67, "column": 10 }, "end": { "line": 67, "column": null } },
      "33": { "start": { "line": 71, "column": 8 }, "end": { "line": 75, "column": 9 } },
      "34": { "start": { "line": 72, "column": 10 }, "end": { "line": 74, "column": null } },
      "35": { "start": { "line": 73, "column": 12 }, "end": { "line": 73, "column": null } },
      "36": { "start": { "line": 78, "column": 8 }, "end": { "line": 80, "column": 9 } },
      "37": { "start": { "line": 79, "column": 10 }, "end": { "line": 79, "column": null } },
      "38": { "start": { "line": 82, "column": 8 }, "end": { "line": 82, "column": null } },
      "39": { "start": { "line": 84, "column": 8 }, "end": { "line": 88, "column": 9 } },
      "40": { "start": { "line": 85, "column": 10 }, "end": { "line": 85, "column": null } },
      "41": { "start": { "line": 87, "column": 10 }, "end": { "line": 87, "column": null } },
      "42": { "start": { "line": 13, "column": 0 }, "end": { "line": 13, "column": 13 } }
    },
    "fnMap": {
      "0": { "name": "(anonymous_8)", "decl": { "start": { "line": 16, "column": 2 }, "end": { "line": 16, "column": 14 } }, "loc": { "start": { "line": 16, "column": 41 }, "end": { "line": 21, "column": 3 } } },
      "1": { "name": "(anonymous_9)", "decl": { "start": { "line": 18, "column": 21 }, "end": { "line": 18, "column": 22 } }, "loc": { "start": { "line": 18, "column": 33 }, "end": { "line": 20, "column": 5 } } },
      "2": { "name": "(anonymous_10)", "decl": { "start": { "line": 23, "column": 2 }, "end": { "line": 23, "column": 26 } }, "loc": { "start": { "line": 23, "column": 38 }, "end": { "line": 29, "column": 3 } } },
      "3": { "name": "(anonymous_11)", "decl": { "start": { "line": 25, "column": 11 }, "end": { "line": 25, "column": 12 } }, "loc": { "start": { "line": 25, "column": 26 }, "end": { "line": 27, "column": 7 } } },
      "4": { "name": "(anonymous_12)", "decl": { "start": { "line": 31, "column": 2 }, "end": { "line": 31, "column": 21 } }, "loc": { "start": { "line": 31, "column": 58 }, "end": { "line": 45, "column": 3 } } },
      "5": { "name": "(anonymous_13)", "decl": { "start": { "line": 47, "column": 2 }, "end": { "line": 47, "column": 15 } }, "loc": { "start": { "line": 47, "column": 71 }, "end": { "line": 91, "column": 3 } } },
      "6": { "name": "(anonymous_14)", "decl": { "start": { "line": 50, "column": 11 }, "end": { "line": 50, "column": 18 } }, "loc": { "start": { "line": 50, "column": 99 }, "end": { "line": 90, "column": null } } },
      "7": { "name": "(anonymous_15)", "decl": { "start": { "line": 50, "column": 99 }, "end": { "line": 50, "column": null } }, "loc": { "start": { "line": 50, "column": 99 }, "end": { "line": 90, "column": 5 } } },
      "8": { "name": "(anonymous_16)", "decl": { "start": { "line": 72, "column": 29 }, "end": { "line": 72, "column": 30 } }, "loc": { "start": { "line": 72, "column": 72 }, "end": { "line": 74, "column": 11 } } }
    },
    "branchMap": {
      "0": { "loc": { "start": { "line": 32, "column": 4 }, "end": { "line": 34, "column": 5 } }, "type": "if", "locations": [{ "start": { "line": 32, "column": 4 }, "end": { "line": 34, "column": 5 } }] },
      "1": {
        "loc": { "start": { "line": 40, "column": 4 }, "end": { "line": 44, "column": 5 } },
        "type": "if",
        "locations": [
          { "start": { "line": 40, "column": 4 }, "end": { "line": 44, "column": 5 } },
          { "start": { "line": 42, "column": 11 }, "end": { "line": 44, "column": 5 } }
        ]
      },
      "2": {
        "loc": { "start": { "line": 53, "column": 27 }, "end": { "line": 53, "column": 87 } },
        "type": "binary-expr",
        "locations": [
          { "start": { "line": 53, "column": 27 }, "end": { "line": 53, "column": 81 } },
          { "start": { "line": 53, "column": 85 }, "end": { "line": 53, "column": 87 } }
        ]
      },
      "3": { "loc": { "start": { "line": 61, "column": 8 }, "end": { "line": 63, "column": 9 } }, "type": "if", "locations": [{ "start": { "line": 61, "column": 8 }, "end": { "line": 63, "column": 9 } }] },
      "4": { "loc": { "start": { "line": 66, "column": 8 }, "end": { "line": 68, "column": 9 } }, "type": "if", "locations": [{ "start": { "line": 66, "column": 8 }, "end": { "line": 68, "column": 9 } }] },
      "5": { "loc": { "start": { "line": 71, "column": 8 }, "end": { "line": 75, "column": 9 } }, "type": "if", "locations": [{ "start": { "line": 71, "column": 8 }, "end": { "line": 75, "column": 9 } }] },
      "6": {
        "loc": { "start": { "line": 73, "column": 32 }, "end": { "line": 73, "column": 99 } },
        "type": "cond-expr",
        "locations": [
          { "start": { "line": 73, "column": 55 }, "end": { "line": 73, "column": 87 } },
          { "start": { "line": 73, "column": 90 }, "end": { "line": 73, "column": 99 } }
        ]
      },
      "7": { "loc": { "start": { "line": 78, "column": 8 }, "end": { "line": 80, "column": 9 } }, "type": "if", "locations": [{ "start": { "line": 78, "column": 8 }, "end": { "line": 80, "column": 9 } }] },
      "8": {
        "loc": { "start": { "line": 84, "column": 8 }, "end": { "line": 88, "column": 9 } },
        "type": "if",
        "locations": [
          { "start": { "line": 84, "column": 8 }, "end": { "line": 88, "column": 9 } },
          { "start": { "line": 86, "column": 15 }, "end": { "line": 88, "column": 9 } }
        ]
      }
    },
    "s": { "0": 1, "1": 1, "2": 1, "3": 1, "4": 7, "5": 7, "6": 1, "7": 2, "8": 2, "9": 3, "10": 1, "11": 2, "12": 2, "13": 2, "14": 2, "15": 2, "16": 2, "17": 1, "18": 1, "19": 1, "20": 1, "21": 0, "22": 0, "23": 0, "24": 0, "25": 0, "26": 0, "27": 0, "28": 0, "29": 0, "30": 0, "31": 0, "32": 0, "33": 0, "34": 0, "35": 0, "36": 0, "37": 0, "38": 0, "39": 0, "40": 0, "41": 0, "42": 1 },
    "f": { "0": 7, "1": 1, "2": 2, "3": 2, "4": 3, "5": 1, "6": 0, "7": 0, "8": 0 },
    "b": { "0": [1], "1": [1, 1], "2": [0, 0], "3": [0], "4": [0], "5": [0], "6": [0, 0], "7": [0], "8": [0, 0] }
  },
  "/home/mikedev/lambda-restful/src/utils/httpResponse.ts": {
    "path": "/home/mikedev/lambda-restful/src/utils/httpResponse.ts",
    "statementMap": { "0": { "start": { "line": 6, "column": 4 }, "end": { "line": 6, "column": null } }, "1": { "start": { "line": 7, "column": 4 }, "end": { "line": 7, "column": 37 } }, "2": { "start": { "line": 11, "column": 4 }, "end": { "line": 11, "column": null } }, "3": { "start": { "line": 15, "column": 4 }, "end": { "line": 15, "column": null } }, "4": { "start": { "line": 19, "column": 4 }, "end": { "line": 19, "column": null } }, "5": { "start": { "line": 1, "column": 0 }, "end": { "line": 1, "column": 13 } } },
    "fnMap": { "0": { "name": "(anonymous_0)", "decl": { "start": { "line": 5, "column": 2 }, "end": { "line": 5, "column": 14 } }, "loc": { "start": { "line": 5, "column": 72 }, "end": { "line": 8, "column": 3 } } }, "1": { "name": "(anonymous_1)", "decl": { "start": { "line": 10, "column": 2 }, "end": { "line": 10, "column": 8 } }, "loc": { "start": { "line": 10, "column": 22 }, "end": { "line": 12, "column": 3 } } }, "2": { "name": "(anonymous_2)", "decl": { "start": { "line": 14, "column": 2 }, "end": { "line": 14, "column": 8 } }, "loc": { "start": { "line": 14, "column": 26 }, "end": { "line": 16, "column": 3 } } }, "3": { "name": "(anonymous_3)", "decl": { "start": { "line": 18, "column": 2 }, "end": { "line": 18, "column": 8 } }, "loc": { "start": { "line": 18, "column": 18 }, "end": { "line": 20, "column": 3 } } } },
    "branchMap": {},
    "s": { "0": 3, "1": 3, "2": 1, "3": 1, "4": 1, "5": 2 },
    "f": { "0": 3, "1": 1, "2": 1, "3": 1 },
    "b": {}
  }
}
