TN:
SF:src/decorators/body.decorator.ts
FN:9,Body
FN:10,(anonymous_1)
FNF:2
FNH:2
FNDA:1,Body
FNDA:1,(anonymous_1)
DA:1,1
DA:9,1
DA:10,1
DA:11,1
LF:4
LH:4
BRF:0
BRH:0
end_of_record
TN:
SF:src/decorators/event.decorator.ts
FN:4,Event
FNF:1
FNH:1
FNDA:1,Event
DA:1,1
DA:4,1
DA:5,1
LF:3
LH:3
BRF:0
BRH:0
end_of_record
TN:
SF:src/decorators/inject.decorator.ts
FN:3,Inject
FNF:1
FNH:1
FNDA:1,Inject
DA:1,1
DA:3,1
DA:4,1
LF:3
LH:3
BRF:0
BRH:0
end_of_record
TN:
SF:src/decorators/lambda.decorator.ts
FN:4,Lambda
FNF:1
FNH:1
FNDA:1,Lambda
DA:1,1
DA:2,1
DA:4,1
DA:5,1
LF:4
LH:4
BRF:0
BRH:0
end_of_record
