TN:
SF:src/decorators/body.decorator.ts
FN:8,Body
FN:9,(anonymous_1)
FNF:2
FNH:2
FNDA:1,Body
FNDA:1,(anonymous_1)
DA:1,2
DA:8,2
DA:9,1
DA:10,1
LF:4
LH:4
BRF:0
BRH:0
end_of_record
TN:
SF:src/decorators/event.decorator.ts
FN:3,Event
FNF:1
FNH:1
FNDA:1,Event
DA:1,2
DA:3,2
DA:4,1
LF:3
LH:3
BRF:0
BRH:0
end_of_record
TN:
SF:src/decorators/index.ts
FN:1,(anonymous_0)
FN:2,(anonymous_1)
FN:3,(anonymous_2)
FN:4,(anonymous_3)
FN:5,(anonymous_4)
FN:6,(anonymous_5)
FN:7,(anonymous_6)
FNF:7
FNH:1
FNDA:0,(anonymous_0)
FNDA:0,(anonymous_1)
FNDA:0,(anonymous_2)
FNDA:0,(anonymous_3)
FNDA:0,(anonymous_4)
FNDA:1,(anonymous_5)
FNDA:0,(anonymous_6)
DA:1,1
DA:2,1
DA:3,1
DA:4,1
DA:5,1
DA:6,2
DA:7,1
LF:7
LH:7
BRF:0
BRH:0
end_of_record
TN:
SF:src/decorators/inject.decorator.ts
FN:3,Inject
FNF:1
FNH:1
FNDA:1,Inject
DA:1,2
DA:3,2
DA:4,1
LF:3
LH:3
BRF:0
BRH:0
end_of_record
TN:
SF:src/decorators/lambda.decorator.ts
FN:4,Lambda
FNF:1
FNH:1
FNDA:1,Lambda
DA:1,2
DA:2,2
DA:4,2
DA:5,1
LF:4
LH:4
BRF:0
BRH:0
end_of_record
TN:
SF:src/decorators/param.decorator.ts
FN:4,Param
FN:5,(anonymous_1)
FNF:2
FNH:2
FNDA:1,Param
FNDA:1,(anonymous_1)
DA:1,2
DA:4,2
DA:5,1
DA:6,1
DA:7,0
DA:9,1
DA:10,1
DA:11,1
LF:8
LH:7
BRDA:6,0,0,0
BRDA:9,1,0,1
BRDA:9,1,1,1
BRF:3
BRH:2
end_of_record
TN:
SF:src/decorators/query.decorator.ts
FN:3,Query
FN:4,(anonymous_1)
FNF:2
FNH:2
FNDA:1,Query
FNDA:1,(anonymous_1)
DA:1,2
DA:3,2
DA:4,1
DA:5,1
LF:4
LH:4
BRF:0
BRH:0
end_of_record
TN:
SF:src/decorators/service.decorator.ts
FN:4,Service
FNF:1
FNH:1
FNDA:2,Service
DA:1,2
DA:2,2
DA:4,2
DA:5,2
LF:4
LH:4
BRF:0
BRH:0
end_of_record
TN:
SF:src/errors/generic.error.ts
FN:5,(anonymous_0)
FN:11,(anonymous_1)
FNF:2
FNH:1
FNDA:1,(anonymous_0)
FNDA:0,(anonymous_1)
DA:1,1
DA:3,1
DA:6,1
DA:7,1
DA:8,1
DA:12,0
LF:6
LH:5
BRF:0
BRH:0
end_of_record
TN:
SF:src/errors/validation.error.ts
FN:15,(anonymous_1)
FN:22,(anonymous_2)
FNF:2
FNH:1
FNDA:1,(anonymous_1)
FNDA:0,(anonymous_2)
DA:1,1
DA:2,1
DA:11,1
DA:16,1
DA:17,1
DA:18,1
DA:19,1
DA:23,0
LF:8
LH:7
BRF:0
BRH:0
end_of_record
TN:
SF:src/factories/lambda.factory.ts
FN:16,(anonymous_8)
FN:18,(anonymous_9)
FN:23,(anonymous_10)
FN:25,(anonymous_11)
FN:31,(anonymous_12)
FN:47,(anonymous_13)
FN:50,(anonymous_14)
FN:50,(anonymous_15)
FN:72,(anonymous_16)
FNF:9
FNH:6
FNDA:7,(anonymous_8)
FNDA:1,(anonymous_9)
FNDA:2,(anonymous_10)
FNDA:2,(anonymous_11)
FNDA:3,(anonymous_12)
FNDA:1,(anonymous_13)
FNDA:0,(anonymous_14)
FNDA:0,(anonymous_15)
FNDA:0,(anonymous_16)
DA:1,1
DA:4,1
DA:6,1
DA:7,1
DA:13,1
DA:17,7
DA:18,7
DA:19,1
DA:24,2
DA:26,2
DA:32,3
DA:33,1
DA:35,2
DA:36,2
DA:37,2
DA:38,2
DA:39,2
DA:40,2
DA:41,1
DA:43,1
DA:48,1
DA:50,1
DA:51,0
DA:52,0
DA:53,0
DA:54,0
DA:55,0
DA:56,0
DA:58,0
DA:61,0
DA:62,0
DA:66,0
DA:67,0
DA:71,0
DA:72,0
DA:73,0
DA:78,0
DA:79,0
DA:82,0
DA:84,0
DA:85,0
DA:87,0
LF:42
LH:22
BRDA:32,0,0,1
BRDA:40,1,0,1
BRDA:40,1,1,1
BRDA:53,2,0,0
BRDA:53,2,1,0
BRDA:61,3,0,0
BRDA:66,4,0,0
BRDA:71,5,0,0
BRDA:73,6,0,0
BRDA:73,6,1,0
BRDA:78,7,0,0
BRDA:84,8,0,0
BRDA:84,8,1,0
BRF:13
BRH:3
end_of_record
TN:
SF:src/utils/httpResponse.ts
FN:5,(anonymous_0)
FN:10,(anonymous_1)
FN:14,(anonymous_2)
FN:18,(anonymous_3)
FNF:4
FNH:4
FNDA:3,(anonymous_0)
FNDA:1,(anonymous_1)
FNDA:1,(anonymous_2)
FNDA:1,(anonymous_3)
DA:1,2
DA:6,3
DA:7,3
DA:11,1
DA:15,1
DA:19,1
LF:6
LH:6
BRF:0
BRH:0
end_of_record
